[2021-01-07 03:20:57.400] [exthost] [info] extension host started
[2021-01-07 03:20:57.506] [exthost] [info] ExtensionService#_doActivateExtension vscode.microsoft-authentication {"startup":false,"extensionId":{"value":"vscode.microsoft-authentication","_lower":"vscode.microsoft-authentication"},"activationEvent":"onAuthenticationRequest:microsoft"}
[2021-01-07 03:20:57.507] [exthost] [info] ExtensionService#loadCommonJSModule file:///e:/ANGULAR_POC_DEMO/PortableVSCODE/VSCode-win32-x64-1.51.1/resources/app/extensions/microsoft-authentication/dist/extension.js
[2021-01-07 03:20:57.525] [exthost] [info] ExtensionService#_doActivateExtension vscode.debug-auto-launch {"startup":true,"extensionId":{"value":"vscode.debug-auto-launch","_lower":"vscode.debug-auto-launch"},"activationEvent":"*"}
[2021-01-07 03:20:57.525] [exthost] [info] ExtensionService#loadCommonJSModule file:///e:/ANGULAR_POC_DEMO/PortableVSCODE/VSCode-win32-x64-1.51.1/resources/app/extensions/debug-auto-launch/dist/extension
[2021-01-07 03:20:57.530] [exthost] [info] ExtensionService#_doActivateExtension vscode.emmet {"startup":true,"extensionId":{"value":"vscode.emmet","_lower":"vscode.emmet"},"activationEvent":"*"}
[2021-01-07 03:20:57.531] [exthost] [info] ExtensionService#loadCommonJSModule file:///e:/ANGULAR_POC_DEMO/PortableVSCODE/VSCode-win32-x64-1.51.1/resources/app/extensions/emmet/dist/node/emmetNodeMain
[2021-01-07 03:20:57.553] [exthost] [info] ExtensionService#_doActivateExtension vscode.git {"startup":true,"extensionId":{"value":"vscode.github","_lower":"vscode.github"},"activationEvent":"*"}
[2021-01-07 03:20:57.553] [exthost] [info] ExtensionService#loadCommonJSModule file:///e:/ANGULAR_POC_DEMO/PortableVSCODE/VSCode-win32-x64-1.51.1/resources/app/extensions/git/dist/main
[2021-01-07 03:20:57.578] [exthost] [info] ExtensionService#_doActivateExtension vscode.merge-conflict {"startup":true,"extensionId":{"value":"vscode.merge-conflict","_lower":"vscode.merge-conflict"},"activationEvent":"*"}
[2021-01-07 03:20:57.578] [exthost] [info] ExtensionService#loadCommonJSModule file:///e:/ANGULAR_POC_DEMO/PortableVSCODE/VSCode-win32-x64-1.51.1/resources/app/extensions/merge-conflict/dist/mergeConflictMain
[2021-01-07 03:20:57.585] [exthost] [info] ExtensionService#_doActivateExtension vscode.search-result {"startup":true,"extensionId":{"value":"vscode.search-result","_lower":"vscode.search-result"},"activationEvent":"*"}
[2021-01-07 03:20:57.585] [exthost] [info] ExtensionService#loadCommonJSModule file:///e:/ANGULAR_POC_DEMO/PortableVSCODE/VSCode-win32-x64-1.51.1/resources/app/extensions/search-result/dist/extension.js
[2021-01-07 03:20:57.588] [exthost] [info] ExtensionService#_doActivateExtension my.uigenerator {"startup":true,"extensionId":{"value":"my.uigenerator","_lower":"my.uigenerator"},"activationEvent":"*"}
[2021-01-07 03:20:57.588] [exthost] [info] ExtensionService#loadCommonJSModule file:///e:/ANGULAR_POC_DEMO/PortableVSCODE/VSCode-win32-x64-1.51.1/data/extensions/my.uigenerator-0.0.1/out/extension.js
[2021-01-07 03:20:57.603] [exthost] [info] ExtensionService#_doActivateExtension pranaygp.vscode-css-peek {"startup":true,"extensionId":{"value":"pranaygp.vscode-css-peek","_lower":"pranaygp.vscode-css-peek"},"activationEvent":"*"}
[2021-01-07 03:20:57.604] [exthost] [info] ExtensionService#loadCommonJSModule file:///e:/ANGULAR_POC_DEMO/PortableVSCODE/VSCode-win32-x64-1.51.1/data/extensions/pranaygp.vscode-css-peek-4.0.2/client/out/extension
[2021-01-07 03:20:57.707] [exthost] [info] ExtensionService#_doActivateExtension ritwickdey.LiveServer {"startup":true,"extensionId":{"value":"ritwickdey.LiveServer","_lower":"ritwickdey.liveserver"},"activationEvent":"*"}
[2021-01-07 03:20:57.707] [exthost] [info] ExtensionService#loadCommonJSModule file:///e:/ANGULAR_POC_DEMO/PortableVSCODE/VSCode-win32-x64-1.51.1/data/extensions/ritwickdey.liveserver-5.6.1/out/src/extension
[2021-01-07 03:20:59.182] [exthost] [info] ExtensionService#_doActivateExtension ms-vscode.js-debug {"startup":false,"extensionId":{"value":"ms-vscode.js-debug","_lower":"ms-vscode.js-debug"},"activationEvent":"onCommand:extension.js-debug.clearAutoAttachVariables"}
[2021-01-07 03:20:59.182] [exthost] [info] ExtensionService#loadCommonJSModule file:///e:/ANGULAR_POC_DEMO/PortableVSCODE/VSCode-win32-x64-1.51.1/resources/app/extensions/ms-vscode.js-debug/src/extension.js
[2021-01-07 03:20:59.588] [exthost] [info] ExtensionService#_doActivateExtension vscode.github {"startup":true,"extensionId":{"value":"vscode.github","_lower":"vscode.github"},"activationEvent":"*"}
[2021-01-07 03:20:59.589] [exthost] [info] ExtensionService#loadCommonJSModule file:///e:/ANGULAR_POC_DEMO/PortableVSCODE/VSCode-win32-x64-1.51.1/resources/app/extensions/github/dist/extension.js
[2021-01-07 03:20:59.605] [exthost] [info] ExtensionService#_doActivateExtension vscode.github-authentication {"startup":false,"extensionId":{"value":"vscode.github-authentication","_lower":"vscode.github-authentication"},"activationEvent":"onAuthenticationRequest:github"}
[2021-01-07 03:20:59.605] [exthost] [info] ExtensionService#loadCommonJSModule file:///e:/ANGULAR_POC_DEMO/PortableVSCODE/VSCode-win32-x64-1.51.1/resources/app/extensions/github-authentication/dist/extension.js
[2021-01-07 03:20:59.618] [exthost] [info] eager extensions activated
[2021-01-07 03:20:59.633] [exthost] [info] ExtensionService#_doActivateExtension dbaeumer.vscode-eslint {"startup":false,"extensionId":{"value":"dbaeumer.vscode-eslint","_lower":"dbaeumer.vscode-eslint"},"activationEvent":"onStartupFinished"}
[2021-01-07 03:20:59.633] [exthost] [info] ExtensionService#loadCommonJSModule file:///e:/ANGULAR_POC_DEMO/PortableVSCODE/VSCode-win32-x64-1.51.1/data/extensions/dbaeumer.vscode-eslint-2.1.14/client/out/extension
[2021-01-07 03:21:25.440] [exthost] [info] ExtensionService#_doActivateExtension vscode.configuration-editing {"startup":false,"extensionId":{"value":"vscode.configuration-editing","_lower":"vscode.configuration-editing"},"activationEvent":"onLanguage:json"}
[2021-01-07 03:21:25.441] [exthost] [info] ExtensionService#loadCommonJSModule file:///e:/ANGULAR_POC_DEMO/PortableVSCODE/VSCode-win32-x64-1.51.1/resources/app/extensions/configuration-editing/dist/configurationEditingMain
[2021-01-07 03:21:25.446] [exthost] [info] ExtensionService#_doActivateExtension vscode.extension-editing {"startup":false,"extensionId":{"value":"vscode.extension-editing","_lower":"vscode.extension-editing"},"activationEvent":"onLanguage:json"}
[2021-01-07 03:21:25.447] [exthost] [info] ExtensionService#loadCommonJSModule file:///e:/ANGULAR_POC_DEMO/PortableVSCODE/VSCode-win32-x64-1.51.1/resources/app/extensions/extension-editing/dist/extensionEditingMain
[2021-01-07 03:21:25.457] [exthost] [info] ExtensionService#_doActivateExtension vscode.json-language-features {"startup":false,"extensionId":{"value":"vscode.json-language-features","_lower":"vscode.json-language-features"},"activationEvent":"onLanguage:json"}
[2021-01-07 03:21:25.457] [exthost] [info] ExtensionService#loadCommonJSModule file:///e:/ANGULAR_POC_DEMO/PortableVSCODE/VSCode-win32-x64-1.51.1/resources/app/extensions/json-language-features/client/dist/node/jsonClientMain
[2021-01-07 03:21:25.481] [exthost] [info] ExtensionService#_doActivateExtension vscode.npm {"startup":false,"extensionId":{"value":"vscode.npm","_lower":"vscode.npm"},"activationEvent":"onLanguage:json"}
[2021-01-07 03:21:25.482] [exthost] [info] ExtensionService#loadCommonJSModule file:///e:/ANGULAR_POC_DEMO/PortableVSCODE/VSCode-win32-x64-1.51.1/resources/app/extensions/npm/dist/npmMain
