[2021-01-07 02:06:29.458] [exthost] [info] extension host started
[2021-01-07 02:06:29.549] [exthost] [info] ExtensionService#_doActivateExtension vscode.microsoft-authentication {"startup":false,"extensionId":{"value":"vscode.microsoft-authentication","_lower":"vscode.microsoft-authentication"},"activationEvent":"onAuthenticationRequest:microsoft"}
[2021-01-07 02:06:29.549] [exthost] [info] ExtensionService#loadCommonJSModule file:///e:/ANGULAR_POC_DEMO/PortableVSCODE/VSCode-win32-x64-1.51.1/resources/app/extensions/microsoft-authentication/dist/extension.js
[2021-01-07 02:06:29.744] [exthost] [info] ExtensionService#_doActivateExtension vscode.debug-auto-launch {"startup":true,"extensionId":{"value":"vscode.debug-auto-launch","_lower":"vscode.debug-auto-launch"},"activationEvent":"*"}
[2021-01-07 02:06:29.744] [exthost] [info] ExtensionService#loadCommonJSModule file:///e:/ANGULAR_POC_DEMO/PortableVSCODE/VSCode-win32-x64-1.51.1/resources/app/extensions/debug-auto-launch/dist/extension
[2021-01-07 02:06:29.931] [exthost] [info] ExtensionService#_doActivateExtension vscode.emmet {"startup":true,"extensionId":{"value":"vscode.emmet","_lower":"vscode.emmet"},"activationEvent":"*"}
[2021-01-07 02:06:29.932] [exthost] [info] ExtensionService#loadCommonJSModule file:///e:/ANGULAR_POC_DEMO/PortableVSCODE/VSCode-win32-x64-1.51.1/resources/app/extensions/emmet/dist/node/emmetNodeMain
[2021-01-07 02:06:29.977] [exthost] [info] ExtensionService#_doActivateExtension vscode.git {"startup":true,"extensionId":{"value":"vscode.github","_lower":"vscode.github"},"activationEvent":"*"}
[2021-01-07 02:06:29.977] [exthost] [info] ExtensionService#loadCommonJSModule file:///e:/ANGULAR_POC_DEMO/PortableVSCODE/VSCode-win32-x64-1.51.1/resources/app/extensions/git/dist/main
[2021-01-07 02:06:30.066] [exthost] [info] ExtensionService#_doActivateExtension vscode.merge-conflict {"startup":true,"extensionId":{"value":"vscode.merge-conflict","_lower":"vscode.merge-conflict"},"activationEvent":"*"}
[2021-01-07 02:06:30.067] [exthost] [info] ExtensionService#loadCommonJSModule file:///e:/ANGULAR_POC_DEMO/PortableVSCODE/VSCode-win32-x64-1.51.1/resources/app/extensions/merge-conflict/dist/mergeConflictMain
[2021-01-07 02:06:30.086] [exthost] [info] ExtensionService#_doActivateExtension vscode.search-result {"startup":true,"extensionId":{"value":"vscode.search-result","_lower":"vscode.search-result"},"activationEvent":"*"}
[2021-01-07 02:06:30.087] [exthost] [info] ExtensionService#loadCommonJSModule file:///e:/ANGULAR_POC_DEMO/PortableVSCODE/VSCode-win32-x64-1.51.1/resources/app/extensions/search-result/dist/extension.js
[2021-01-07 02:06:30.104] [exthost] [info] ExtensionService#_doActivateExtension my.uigenerator {"startup":true,"extensionId":{"value":"my.uigenerator","_lower":"my.uigenerator"},"activationEvent":"*"}
[2021-01-07 02:06:30.105] [exthost] [info] ExtensionService#loadCommonJSModule file:///e:/ANGULAR_POC_DEMO/PortableVSCODE/VSCode-win32-x64-1.51.1/data/extensions/my.uigenerator-0.0.1/out/extension.js
[2021-01-07 02:06:30.198] [exthost] [info] ExtensionService#_doActivateExtension pranaygp.vscode-css-peek {"startup":true,"extensionId":{"value":"pranaygp.vscode-css-peek","_lower":"pranaygp.vscode-css-peek"},"activationEvent":"*"}
[2021-01-07 02:06:30.198] [exthost] [info] ExtensionService#loadCommonJSModule file:///e:/ANGULAR_POC_DEMO/PortableVSCODE/VSCode-win32-x64-1.51.1/data/extensions/pranaygp.vscode-css-peek-4.0.2/client/out/extension
[2021-01-07 02:06:30.759] [exthost] [info] ExtensionService#_doActivateExtension ritwickdey.LiveServer {"startup":true,"extensionId":{"value":"ritwickdey.LiveServer","_lower":"ritwickdey.liveserver"},"activationEvent":"*"}
[2021-01-07 02:06:30.759] [exthost] [info] ExtensionService#loadCommonJSModule file:///e:/ANGULAR_POC_DEMO/PortableVSCODE/VSCode-win32-x64-1.51.1/data/extensions/ritwickdey.liveserver-5.6.1/out/src/extension
[2021-01-07 02:06:37.910] [exthost] [info] ExtensionService#_doActivateExtension vscode.npm {"startup":true,"extensionId":{"value":"vscode.npm","_lower":"vscode.npm"},"activationEvent":"workspaceContains:package.json"}
[2021-01-07 02:06:37.910] [exthost] [info] ExtensionService#loadCommonJSModule file:///e:/ANGULAR_POC_DEMO/PortableVSCODE/VSCode-win32-x64-1.51.1/resources/app/extensions/npm/dist/npmMain
[2021-01-07 02:06:38.459] [exthost] [info] ExtensionService#_doActivateExtension vscode.github {"startup":true,"extensionId":{"value":"vscode.github","_lower":"vscode.github"},"activationEvent":"*"}
[2021-01-07 02:06:38.459] [exthost] [info] ExtensionService#loadCommonJSModule file:///e:/ANGULAR_POC_DEMO/PortableVSCODE/VSCode-win32-x64-1.51.1/resources/app/extensions/github/dist/extension.js
[2021-01-07 02:06:38.495] [exthost] [info] ExtensionService#_doActivateExtension ms-vscode.js-debug {"startup":false,"extensionId":{"value":"ms-vscode.js-debug","_lower":"ms-vscode.js-debug"},"activationEvent":"onCommand:extension.js-debug.clearAutoAttachVariables"}
[2021-01-07 02:06:38.495] [exthost] [info] ExtensionService#loadCommonJSModule file:///e:/ANGULAR_POC_DEMO/PortableVSCODE/VSCode-win32-x64-1.51.1/resources/app/extensions/ms-vscode.js-debug/src/extension.js
[2021-01-07 02:06:38.799] [exthost] [info] eager extensions activated
[2021-01-07 02:06:38.836] [exthost] [info] ExtensionService#_doActivateExtension dbaeumer.vscode-eslint {"startup":false,"extensionId":{"value":"dbaeumer.vscode-eslint","_lower":"dbaeumer.vscode-eslint"},"activationEvent":"onStartupFinished"}
[2021-01-07 02:06:38.836] [exthost] [info] ExtensionService#loadCommonJSModule file:///e:/ANGULAR_POC_DEMO/PortableVSCODE/VSCode-win32-x64-1.51.1/data/extensions/dbaeumer.vscode-eslint-2.1.14/client/out/extension
[2021-01-07 02:06:39.077] [exthost] [info] ExtensionService#_doActivateExtension vscode.github-authentication {"startup":false,"extensionId":{"value":"vscode.github-authentication","_lower":"vscode.github-authentication"},"activationEvent":"onAuthenticationRequest:github"}
[2021-01-07 02:06:39.077] [exthost] [info] ExtensionService#loadCommonJSModule file:///e:/ANGULAR_POC_DEMO/PortableVSCODE/VSCode-win32-x64-1.51.1/resources/app/extensions/github-authentication/dist/extension.js
[2021-01-07 02:45:42.979] [exthost] [info] ExtensionService#_doActivateExtension vscode.extension-editing {"startup":false,"extensionId":{"value":"vscode.extension-editing","_lower":"vscode.extension-editing"},"activationEvent":"onLanguage:markdown"}
[2021-01-07 02:45:42.979] [exthost] [info] ExtensionService#loadCommonJSModule file:///e:/ANGULAR_POC_DEMO/PortableVSCODE/VSCode-win32-x64-1.51.1/resources/app/extensions/extension-editing/dist/extensionEditingMain
[2021-01-07 02:45:43.068] [exthost] [info] ExtensionService#_doActivateExtension vscode.markdown-language-features {"startup":false,"extensionId":{"value":"vscode.markdown-language-features","_lower":"vscode.markdown-language-features"},"activationEvent":"onLanguage:markdown"}
[2021-01-07 02:45:43.068] [exthost] [info] ExtensionService#loadCommonJSModule file:///e:/ANGULAR_POC_DEMO/PortableVSCODE/VSCode-win32-x64-1.51.1/resources/app/extensions/markdown-language-features/dist/extension
[2021-01-07 02:45:43.233] [exthost] [info] ExtensionService#_doActivateExtension RomanPeshkov.vscode-text-tables {"startup":false,"extensionId":{"value":"RomanPeshkov.vscode-text-tables","_lower":"romanpeshkov.vscode-text-tables"},"activationEvent":"onLanguage:markdown"}
[2021-01-07 02:45:43.233] [exthost] [info] ExtensionService#loadCommonJSModule file:///e:/ANGULAR_POC_DEMO/PortableVSCODE/VSCode-win32-x64-1.51.1/data/extensions/romanpeshkov.vscode-text-tables-0.1.5/out/src/extension
[2021-01-07 02:45:44.198] [exthost] [info] ExtensionService#_doActivateExtension vscode.configuration-editing {"startup":false,"extensionId":{"value":"vscode.configuration-editing","_lower":"vscode.configuration-editing"},"activationEvent":"onLanguage:json"}
[2021-01-07 02:45:44.198] [exthost] [info] ExtensionService#loadCommonJSModule file:///e:/ANGULAR_POC_DEMO/PortableVSCODE/VSCode-win32-x64-1.51.1/resources/app/extensions/configuration-editing/dist/configurationEditingMain
[2021-01-07 02:45:44.315] [exthost] [info] ExtensionService#_doActivateExtension vscode.json-language-features {"startup":false,"extensionId":{"value":"vscode.json-language-features","_lower":"vscode.json-language-features"},"activationEvent":"onLanguage:json"}
[2021-01-07 02:45:44.315] [exthost] [info] ExtensionService#loadCommonJSModule file:///e:/ANGULAR_POC_DEMO/PortableVSCODE/VSCode-win32-x64-1.51.1/resources/app/extensions/json-language-features/client/dist/node/jsonClientMain
[2021-01-07 02:45:45.240] [exthost] [info] ExtensionService#_doActivateExtension vscode.typescript-language-features {"startup":false,"extensionId":{"value":"vscode.typescript-language-features","_lower":"vscode.typescript-language-features"},"activationEvent":"onLanguage:jsonc"}
[2021-01-07 02:45:45.240] [exthost] [info] ExtensionService#loadCommonJSModule file:///e:/ANGULAR_POC_DEMO/PortableVSCODE/VSCode-win32-x64-1.51.1/resources/app/extensions/typescript-language-features/dist/extension
